2022-07-15-17:31:57.059 INFO [SpringContextShutdownHook]-org.quartz.core.QuartzScheduler:585>>Scheduler quartzScheduler_$_NON_CLUSTERED paused.
2022-07-15-17:31:57.672 INFO [SpringContextShutdownHook]-org.springframework.scheduling.concurrent.ExecutorConfigurationSupport:218>>Shutting down ExecutorService 'taskScheduler'
2022-07-15-17:31:57.699 INFO [SpringContextShutdownHook]-org.springframework.scheduling.quartz.SchedulerFactoryBean:845>>Shutting down Quartz Scheduler
2022-07-15-17:31:57.699 INFO [SpringContextShutdownHook]-org.quartz.core.QuartzScheduler:666>>Scheduler quartzScheduler_$_NON_CLUSTERED shutting down.
2022-07-15-17:31:57.700 INFO [SpringContextShutdownHook]-org.quartz.core.QuartzScheduler:585>>Scheduler quartzScheduler_$_NON_CLUSTERED paused.
2022-07-15-17:31:57.701 INFO [SpringContextShutdownHook]-org.quartz.core.QuartzScheduler:740>>Scheduler quartzScheduler_$_NON_CLUSTERED shutdown complete.
2022-07-15-17:31:57.709 INFO [SpringContextShutdownHook]-org.springframework.scheduling.concurrent.ExecutorConfigurationSupport:218>>Shutting down ExecutorService 'applicationTaskExecutor'
2022-07-15-17:31:57.715 INFO [SpringContextShutdownHook]-com.alibaba.druid.pool.DruidDataSource:2029>>{dataSource-1} closing ...
2022-07-15-17:31:57.770 INFO [SpringContextShutdownHook]-com.alibaba.druid.pool.DruidDataSource:2101>>{dataSource-1} closed
2022-07-15-17:32:11.383 INFO [main]-org.springframework.boot.StartupInfoLogger:55>>Starting ApiApplication using Java 1.8.0_311 on DESKTOP-8LO0G2P with PID 22280 (E:\Sunzh\java\qianfeng\fmmall\api\target\classes started by Sunzh in E:\Sunzh\java\qianfeng\fmmall)
2022-07-15-17:32:11.387 INFO [main]-org.springframework.boot.SpringApplication:662>>No active profile set, falling back to default profiles: default
2022-07-15-17:32:13.864 WARN [main]-org.mybatis.logging.Logger:44>>No MyBatis mapper was found in '[com.qfedu.fmmall]' package. Please check your configuration.
2022-07-15-17:32:14.474 INFO [main]-org.springframework.boot.web.embedded.tomcat.TomcatWebServer:108>>Tomcat initialized with port(s): 8080 (http)
2022-07-15-17:32:14.488 INFO [main]-org.apache.juli.logging.DirectJDKLog:173>>Initializing ProtocolHandler ["http-nio-8080"]
2022-07-15-17:32:14.489 INFO [main]-org.apache.juli.logging.DirectJDKLog:173>>Starting service [Tomcat]
2022-07-15-17:32:14.489 INFO [main]-org.apache.juli.logging.DirectJDKLog:173>>Starting Servlet engine: [Apache Tomcat/9.0.44]
2022-07-15-17:32:14.621 INFO [main]-org.apache.juli.logging.DirectJDKLog:173>>Initializing Spring embedded WebApplicationContext
2022-07-15-17:32:14.622 INFO [main]-org.springframework.boot.web.servlet.context.ServletWebServerApplicationContext:289>>Root WebApplicationContext: initialization completed in 3146 ms
2022-07-15-17:32:14.746 INFO [main]-com.alibaba.druid.spring.boot.autoconfigure.DruidDataSourceAutoConfigure:56>>Init DruidDataSource
2022-07-15-17:32:15.049 INFO [main]-com.alibaba.druid.pool.DruidDataSource:994>>{dataSource-1} inited
2022-07-15-17:32:16.594 INFO [main]-springfox.documentation.spring.web.PropertySourcedRequestMappingHandlerMapping:69>>Mapped URL path [/v2/api-docs] onto method [springfox.documentation.swagger2.web.Swagger2Controller#getDocumentation(String, HttpServletRequest)]
2022-07-15-17:32:16.722 INFO [main]-org.springframework.scheduling.concurrent.ExecutorConfigurationSupport:181>>Initializing ExecutorService 'applicationTaskExecutor'
2022-07-15-17:32:16.925 INFO [main]-tk.mybatis.mapper.autoconfigure.MapperCacheDisabler:60>>Clear tk.mybatis.mapper.util.MsUtil CLASS_CACHE cache.
2022-07-15-17:32:16.925 INFO [main]-tk.mybatis.mapper.autoconfigure.MapperCacheDisabler:60>>Clear tk.mybatis.mapper.genid.GenIdUtil CACHE cache.
2022-07-15-17:32:16.926 INFO [main]-tk.mybatis.mapper.autoconfigure.MapperCacheDisabler:60>>Clear tk.mybatis.mapper.version.VersionUtil CACHE cache.
2022-07-15-17:32:16.926 INFO [main]-tk.mybatis.mapper.autoconfigure.MapperCacheDisabler:83>>Clear EntityHelper entityTableMap cache.
2022-07-15-17:32:17.023 INFO [main]-org.quartz.impl.StdSchedulerFactory:1220>>Using default implementation for ThreadExecutor
2022-07-15-17:32:17.039 INFO [main]-org.quartz.core.SchedulerSignalerImpl:61>>Initialized Scheduler Signaller of type: class org.quartz.core.SchedulerSignalerImpl
2022-07-15-17:32:17.039 INFO [main]-org.quartz.core.QuartzScheduler:229>>Quartz Scheduler v.2.3.2 created.
2022-07-15-17:32:17.040 INFO [main]-org.quartz.simpl.RAMJobStore:155>>RAMJobStore initialized.
2022-07-15-17:32:17.040 INFO [main]-org.quartz.core.QuartzScheduler:294>>Scheduler meta-data: Quartz Scheduler (v2.3.2) 'quartzScheduler' with instanceId 'NON_CLUSTERED'
  Scheduler class: 'org.quartz.core.QuartzScheduler' - running locally.
  NOT STARTED.
  Currently in standby mode.
  Number of jobs executed: 0
  Using thread pool 'org.quartz.simpl.SimpleThreadPool' - with 10 threads.
  Using job-store 'org.quartz.simpl.RAMJobStore' - which does not support persistence. and is not clustered.

2022-07-15-17:32:17.040 INFO [main]-org.quartz.impl.StdSchedulerFactory:1374>>Quartz scheduler 'quartzScheduler' initialized from an externally provided properties instance.
2022-07-15-17:32:17.041 INFO [main]-org.quartz.impl.StdSchedulerFactory:1378>>Quartz scheduler version: 2.3.2
2022-07-15-17:32:17.041 INFO [main]-org.quartz.core.QuartzScheduler:2293>>JobFactory set to: org.springframework.scheduling.quartz.SpringBeanJobFactory@7b25ab31
2022-07-15-17:32:17.053 INFO [main]-org.springframework.scheduling.concurrent.ExecutorConfigurationSupport:181>>Initializing ExecutorService 'taskScheduler'
2022-07-15-17:32:17.115 INFO [main]-org.apache.juli.logging.DirectJDKLog:173>>Starting ProtocolHandler ["http-nio-8080"]
2022-07-15-17:32:17.147 INFO [main]-org.springframework.boot.web.embedded.tomcat.TomcatWebServer:220>>Tomcat started on port(s): 8080 (http) with context path ''
2022-07-15-17:32:17.148 INFO [main]-springfox.documentation.spring.web.plugins.DocumentationPluginsBootstrapper:160>>Context refreshed
2022-07-15-17:32:17.175 INFO [main]-springfox.documentation.spring.web.plugins.DocumentationPluginsBootstrapper:163>>Found 1 custom documentation plugin(s)
2022-07-15-17:32:17.213 INFO [main]-springfox.documentation.spring.web.scanners.ApiListingReferenceScanner:41>>Scanning for api listing references
2022-07-15-17:32:17.393 INFO [main]-springfox.documentation.spring.web.readers.operation.CachingOperationNameGenerator:40>>Generating unique operation named: listUsingGET_1
2022-07-15-17:32:17.418 INFO [main]-org.springframework.scheduling.quartz.SchedulerFactoryBean:727>>Starting Quartz Scheduler now
2022-07-15-17:32:17.418 INFO [main]-org.quartz.core.QuartzScheduler:547>>Scheduler quartzScheduler_$_NON_CLUSTERED started.
2022-07-15-17:32:17.429 INFO [main]-org.springframework.boot.StartupInfoLogger:61>>Started ApiApplication in 7.287 seconds (JVM running for 8.923)
2022-07-15-17:32:28.989 INFO [http-nio-8080-exec-1]-org.apache.juli.logging.DirectJDKLog:173>>Initializing Spring DispatcherServlet 'dispatcherServlet'
2022-07-15-17:32:28.989 INFO [http-nio-8080-exec-1]-org.springframework.web.servlet.FrameworkServlet:525>>Initializing Servlet 'dispatcherServlet'
2022-07-15-17:32:28.990 INFO [http-nio-8080-exec-1]-org.springframework.web.servlet.FrameworkServlet:547>>Completed initialization in 1 ms
2022-07-15-17:32:50.062 INFO [http-nio-8080-exec-5]-com.qfedu.fmmall.controller.UserController:38>>eyJhbGciOiJIUzI1NiJ9.eyJrZXkxIjoidmFsdWUxIiwia2V5MiI6InZhbHVlMiIsImV4cCI6MTY1Nzk2Mzk2OX0.p7f2yhwiIAbI-e9dMnZATsi21KJuzKxmq5nM5ys5O5A
