2022-07-13-11:04:00.316 INFO [main]-org.springframework.boot.StartupInfoLogger:55>>Starting ApiApplication using Java 1.8.0_311 on DESKTOP-8LO0G2P with PID 20056 (E:\Sunzh\java\qianfeng\fmmall\api\target\classes started by Sunzh in E:\Sunzh\java\qianfeng\fmmall)
2022-07-13-11:04:00.319 INFO [main]-org.springframework.boot.SpringApplication:662>>No active profile set, falling back to default profiles: default
2022-07-13-11:04:01.275 WARN [main]-org.mybatis.logging.Logger:44>>No MyBatis mapper was found in '[com.qfedu.fmmall]' package. Please check your configuration.
2022-07-13-11:04:01.643 INFO [main]-org.springframework.boot.web.embedded.tomcat.TomcatWebServer:108>>Tomcat initialized with port(s): 8080 (http)
2022-07-13-11:04:01.717 INFO [main]-org.apache.juli.logging.DirectJDKLog:173>>Initializing ProtocolHandler ["http-nio-8080"]
2022-07-13-11:04:01.718 INFO [main]-org.apache.juli.logging.DirectJDKLog:173>>Starting service [Tomcat]
2022-07-13-11:04:01.718 INFO [main]-org.apache.juli.logging.DirectJDKLog:173>>Starting Servlet engine: [Apache Tomcat/9.0.44]
2022-07-13-11:04:01.813 INFO [main]-org.apache.juli.logging.DirectJDKLog:173>>Initializing Spring embedded WebApplicationContext
2022-07-13-11:04:01.813 INFO [main]-org.springframework.boot.web.servlet.context.ServletWebServerApplicationContext:289>>Root WebApplicationContext: initialization completed in 1443 ms
2022-07-13-11:04:01.882 INFO [main]-com.alibaba.druid.spring.boot.autoconfigure.DruidDataSourceAutoConfigure:56>>Init DruidDataSource
2022-07-13-11:04:01.981 INFO [main]-com.alibaba.druid.pool.DruidDataSource:994>>{dataSource-1} inited
2022-07-13-11:04:02.891 INFO [main]-springfox.documentation.spring.web.PropertySourcedRequestMappingHandlerMapping:69>>Mapped URL path [/v2/api-docs] onto method [springfox.documentation.swagger2.web.Swagger2Controller#getDocumentation(String, HttpServletRequest)]
2022-07-13-11:04:03.011 INFO [main]-org.springframework.scheduling.concurrent.ExecutorConfigurationSupport:181>>Initializing ExecutorService 'applicationTaskExecutor'
2022-07-13-11:04:03.119 INFO [main]-tk.mybatis.mapper.autoconfigure.MapperCacheDisabler:60>>Clear tk.mybatis.mapper.util.MsUtil CLASS_CACHE cache.
2022-07-13-11:04:03.119 INFO [main]-tk.mybatis.mapper.autoconfigure.MapperCacheDisabler:60>>Clear tk.mybatis.mapper.genid.GenIdUtil CACHE cache.
2022-07-13-11:04:03.120 INFO [main]-tk.mybatis.mapper.autoconfigure.MapperCacheDisabler:60>>Clear tk.mybatis.mapper.version.VersionUtil CACHE cache.
2022-07-13-11:04:03.120 INFO [main]-tk.mybatis.mapper.autoconfigure.MapperCacheDisabler:83>>Clear EntityHelper entityTableMap cache.
2022-07-13-11:04:03.164 INFO [main]-org.quartz.impl.StdSchedulerFactory:1220>>Using default implementation for ThreadExecutor
2022-07-13-11:04:03.174 INFO [main]-org.quartz.core.SchedulerSignalerImpl:61>>Initialized Scheduler Signaller of type: class org.quartz.core.SchedulerSignalerImpl
2022-07-13-11:04:03.175 INFO [main]-org.quartz.core.QuartzScheduler:229>>Quartz Scheduler v.2.3.2 created.
2022-07-13-11:04:03.175 INFO [main]-org.quartz.simpl.RAMJobStore:155>>RAMJobStore initialized.
2022-07-13-11:04:03.176 INFO [main]-org.quartz.core.QuartzScheduler:294>>Scheduler meta-data: Quartz Scheduler (v2.3.2) 'quartzScheduler' with instanceId 'NON_CLUSTERED'
  Scheduler class: 'org.quartz.core.QuartzScheduler' - running locally.
  NOT STARTED.
  Currently in standby mode.
  Number of jobs executed: 0
  Using thread pool 'org.quartz.simpl.SimpleThreadPool' - with 10 threads.
  Using job-store 'org.quartz.simpl.RAMJobStore' - which does not support persistence. and is not clustered.

2022-07-13-11:04:03.176 INFO [main]-org.quartz.impl.StdSchedulerFactory:1374>>Quartz scheduler 'quartzScheduler' initialized from an externally provided properties instance.
2022-07-13-11:04:03.176 INFO [main]-org.quartz.impl.StdSchedulerFactory:1378>>Quartz scheduler version: 2.3.2
2022-07-13-11:04:03.176 INFO [main]-org.quartz.core.QuartzScheduler:2293>>JobFactory set to: org.springframework.scheduling.quartz.SpringBeanJobFactory@14447be
2022-07-13-11:04:03.181 INFO [main]-org.springframework.scheduling.concurrent.ExecutorConfigurationSupport:181>>Initializing ExecutorService 'taskScheduler'
2022-07-13-11:04:03.221 INFO [main]-org.apache.juli.logging.DirectJDKLog:173>>Starting ProtocolHandler ["http-nio-8080"]
2022-07-13-11:04:03.238 INFO [main]-org.springframework.boot.web.embedded.tomcat.TomcatWebServer:220>>Tomcat started on port(s): 8080 (http) with context path ''
2022-07-13-11:04:03.239 INFO [main]-springfox.documentation.spring.web.plugins.DocumentationPluginsBootstrapper:160>>Context refreshed
2022-07-13-11:04:03.253 INFO [main]-springfox.documentation.spring.web.plugins.DocumentationPluginsBootstrapper:163>>Found 1 custom documentation plugin(s)
2022-07-13-11:04:03.279 INFO [main]-springfox.documentation.spring.web.scanners.ApiListingReferenceScanner:41>>Scanning for api listing references
2022-07-13-11:04:03.480 INFO [main]-org.springframework.scheduling.quartz.SchedulerFactoryBean:727>>Starting Quartz Scheduler now
2022-07-13-11:04:03.480 INFO [main]-org.quartz.core.QuartzScheduler:547>>Scheduler quartzScheduler_$_NON_CLUSTERED started.
2022-07-13-11:04:03.504 INFO [main]-org.springframework.boot.StartupInfoLogger:61>>Started ApiApplication in 3.846 seconds (JVM running for 5.684)
2022-07-13-11:04:11.926 INFO [http-nio-8080-exec-1]-org.apache.juli.logging.DirectJDKLog:173>>Initializing Spring DispatcherServlet 'dispatcherServlet'
2022-07-13-11:04:11.926 INFO [http-nio-8080-exec-1]-org.springframework.web.servlet.FrameworkServlet:525>>Initializing Servlet 'dispatcherServlet'
2022-07-13-11:04:11.927 INFO [http-nio-8080-exec-1]-org.springframework.web.servlet.FrameworkServlet:547>>Completed initialization in 1 ms
2022-07-13-11:04:31.950 ERROR [http-nio-8080-exec-10]-org.apache.juli.logging.DirectJDKLog:175>>Servlet.service() for servlet [dispatcherServlet] in context with path [] threw exception [Request processing failed; nested exception is tk.mybatis.mapper.MapperException: 当前实体类不包含名为productId的属性!] with root cause
tk.mybatis.mapper.MapperException: 当前实体类不包含名为productId的属性!
	at tk.mybatis.mapper.entity.Example$GeneratedCriteria.column(Example.java:305)
	at tk.mybatis.mapper.entity.Example$GeneratedCriteria.andEqualTo(Example.java:408)
	at tk.mybatis.mapper.entity.Example$Criteria.andEqualTo(Example.java:699)
	at com.qfedu.fmmall.service.impl.ProductServiceImpl.getProductBasicInfo(ProductServiceImpl.java:50)
	at com.qfedu.fmmall.service.impl.ProductServiceImpl$$FastClassBySpringCGLIB$$ebe85242.invoke(<generated>)
	at org.springframework.cglib.proxy.MethodProxy.invoke(MethodProxy.java:218)
	at org.springframework.aop.framework.CglibAopProxy$CglibMethodInvocation.invokeJoinpoint(CglibAopProxy.java:779)
	at org.springframework.aop.framework.ReflectiveMethodInvocation.proceed(ReflectiveMethodInvocation.java:163)
	at org.springframework.aop.framework.CglibAopProxy$CglibMethodInvocation.proceed(CglibAopProxy.java:750)
	at org.springframework.transaction.interceptor.TransactionInterceptor$1.proceedWithInvocation(TransactionInterceptor.java:123)
	at org.springframework.transaction.interceptor.TransactionAspectSupport.invokeWithinTransaction(TransactionAspectSupport.java:388)
	at org.springframework.transaction.interceptor.TransactionInterceptor.invoke(TransactionInterceptor.java:119)
	at org.springframework.aop.framework.ReflectiveMethodInvocation.proceed(ReflectiveMethodInvocation.java:186)
	at org.springframework.aop.framework.CglibAopProxy$CglibMethodInvocation.proceed(CglibAopProxy.java:750)
	at org.springframework.aop.framework.CglibAopProxy$DynamicAdvisedInterceptor.intercept(CglibAopProxy.java:692)
	at com.qfedu.fmmall.service.impl.ProductServiceImpl$$EnhancerBySpringCGLIB$$b603aa39.getProductBasicInfo(<generated>)
	at com.qfedu.fmmall.controller.ProductController.getProductBasicInfo(ProductController.java:27)
	at sun.reflect.NativeMethodAccessorImpl.invoke0(Native Method)
	at sun.reflect.NativeMethodAccessorImpl.invoke(NativeMethodAccessorImpl.java:62)
	at sun.reflect.DelegatingMethodAccessorImpl.invoke(DelegatingMethodAccessorImpl.java:43)
	at java.lang.reflect.Method.invoke(Method.java:498)
	at org.springframework.web.method.support.InvocableHandlerMethod.doInvoke(InvocableHandlerMethod.java:197)
	at org.springframework.web.method.support.InvocableHandlerMethod.invokeForRequest(InvocableHandlerMethod.java:141)
	at org.springframework.web.servlet.mvc.method.annotation.ServletInvocableHandlerMethod.invokeAndHandle(ServletInvocableHandlerMethod.java:106)
	at org.springframework.web.servlet.mvc.method.annotation.RequestMappingHandlerAdapter.invokeHandlerMethod(RequestMappingHandlerAdapter.java:894)
	at org.springframework.web.servlet.mvc.method.annotation.RequestMappingHandlerAdapter.handleInternal(RequestMappingHandlerAdapter.java:808)
	at org.springframework.web.servlet.mvc.method.AbstractHandlerMethodAdapter.handle(AbstractHandlerMethodAdapter.java:87)
	at org.springframework.web.servlet.DispatcherServlet.doDispatch(DispatcherServlet.java:1060)
	at org.springframework.web.servlet.DispatcherServlet.doService(DispatcherServlet.java:962)
	at org.springframework.web.servlet.FrameworkServlet.processRequest(FrameworkServlet.java:1006)
	at org.springframework.web.servlet.FrameworkServlet.doGet(FrameworkServlet.java:898)
	at javax.servlet.http.HttpServlet.service(HttpServlet.java:626)
	at org.springframework.web.servlet.FrameworkServlet.service(FrameworkServlet.java:883)
	at javax.servlet.http.HttpServlet.service(HttpServlet.java:733)
	at org.apache.catalina.core.ApplicationFilterChain.internalDoFilter(ApplicationFilterChain.java:227)
	at org.apache.catalina.core.ApplicationFilterChain.doFilter(ApplicationFilterChain.java:162)
	at org.apache.tomcat.websocket.server.WsFilter.doFilter(WsFilter.java:53)
	at org.apache.catalina.core.ApplicationFilterChain.internalDoFilter(ApplicationFilterChain.java:189)
	at org.apache.catalina.core.ApplicationFilterChain.doFilter(ApplicationFilterChain.java:162)
	at org.springframework.web.filter.RequestContextFilter.doFilterInternal(RequestContextFilter.java:100)
	at org.springframework.web.filter.OncePerRequestFilter.doFilter(OncePerRequestFilter.java:119)
	at org.apache.catalina.core.ApplicationFilterChain.internalDoFilter(ApplicationFilterChain.java:189)
	at org.apache.catalina.core.ApplicationFilterChain.doFilter(ApplicationFilterChain.java:162)
	at org.springframework.web.filter.FormContentFilter.doFilterInternal(FormContentFilter.java:93)
	at org.springframework.web.filter.OncePerRequestFilter.doFilter(OncePerRequestFilter.java:119)
	at org.apache.catalina.core.ApplicationFilterChain.internalDoFilter(ApplicationFilterChain.java:189)
	at org.apache.catalina.core.ApplicationFilterChain.doFilter(ApplicationFilterChain.java:162)
	at org.springframework.web.filter.CharacterEncodingFilter.doFilterInternal(CharacterEncodingFilter.java:201)
	at org.springframework.web.filter.OncePerRequestFilter.doFilter(OncePerRequestFilter.java:119)
	at org.apache.catalina.core.ApplicationFilterChain.internalDoFilter(ApplicationFilterChain.java:189)
	at org.apache.catalina.core.ApplicationFilterChain.doFilter(ApplicationFilterChain.java:162)
	at org.apache.catalina.core.StandardWrapperValve.invoke(StandardWrapperValve.java:202)
	at org.apache.catalina.core.StandardContextValve.invoke(StandardContextValve.java:97)
	at org.apache.catalina.authenticator.AuthenticatorBase.invoke(AuthenticatorBase.java:542)
	at org.apache.catalina.core.StandardHostValve.invoke(StandardHostValve.java:143)
	at org.apache.catalina.valves.ErrorReportValve.invoke(ErrorReportValve.java:92)
	at org.apache.catalina.core.StandardEngineValve.invoke(StandardEngineValve.java:78)
	at org.apache.catalina.connector.CoyoteAdapter.service(CoyoteAdapter.java:357)
	at org.apache.coyote.http11.Http11Processor.service(Http11Processor.java:374)
	at org.apache.coyote.AbstractProcessorLight.process(AbstractProcessorLight.java:65)
	at org.apache.coyote.AbstractProtocol$ConnectionHandler.process(AbstractProtocol.java:893)
	at org.apache.tomcat.util.net.NioEndpoint$SocketProcessor.doRun(NioEndpoint.java:1707)
	at org.apache.tomcat.util.net.SocketProcessorBase.run(SocketProcessorBase.java:49)
	at java.util.concurrent.ThreadPoolExecutor.runWorker(ThreadPoolExecutor.java:1149)
	at java.util.concurrent.ThreadPoolExecutor$Worker.run(ThreadPoolExecutor.java:624)
	at org.apache.tomcat.util.threads.TaskThread$WrappingRunnable.run(TaskThread.java:61)
	at java.lang.Thread.run(Thread.java:748)
2022-07-13-11:05:42.733 INFO [main]-org.springframework.boot.StartupInfoLogger:55>>Starting ApiApplication using Java 1.8.0_311 on DESKTOP-8LO0G2P with PID 17704 (E:\Sunzh\java\qianfeng\fmmall\api\target\classes started by Sunzh in E:\Sunzh\java\qianfeng\fmmall)
2022-07-13-11:05:42.746 INFO [main]-org.springframework.boot.SpringApplication:662>>No active profile set, falling back to default profiles: default
2022-07-13-11:05:43.843 WARN [main]-org.mybatis.logging.Logger:44>>No MyBatis mapper was found in '[com.qfedu.fmmall]' package. Please check your configuration.
2022-07-13-11:05:44.183 INFO [main]-org.springframework.boot.web.embedded.tomcat.TomcatWebServer:108>>Tomcat initialized with port(s): 8080 (http)
2022-07-13-11:05:44.193 INFO [main]-org.apache.juli.logging.DirectJDKLog:173>>Initializing ProtocolHandler ["http-nio-8080"]
2022-07-13-11:05:44.193 INFO [main]-org.apache.juli.logging.DirectJDKLog:173>>Starting service [Tomcat]
2022-07-13-11:05:44.194 INFO [main]-org.apache.juli.logging.DirectJDKLog:173>>Starting Servlet engine: [Apache Tomcat/9.0.44]
2022-07-13-11:05:44.300 INFO [main]-org.apache.juli.logging.DirectJDKLog:173>>Initializing Spring embedded WebApplicationContext
2022-07-13-11:05:44.300 INFO [main]-org.springframework.boot.web.servlet.context.ServletWebServerApplicationContext:289>>Root WebApplicationContext: initialization completed in 1365 ms
2022-07-13-11:05:44.371 INFO [main]-com.alibaba.druid.spring.boot.autoconfigure.DruidDataSourceAutoConfigure:56>>Init DruidDataSource
2022-07-13-11:05:44.474 INFO [main]-com.alibaba.druid.pool.DruidDataSource:994>>{dataSource-1} inited
2022-07-13-11:05:45.593 INFO [main]-springfox.documentation.spring.web.PropertySourcedRequestMappingHandlerMapping:69>>Mapped URL path [/v2/api-docs] onto method [springfox.documentation.swagger2.web.Swagger2Controller#getDocumentation(String, HttpServletRequest)]
2022-07-13-11:05:45.680 INFO [main]-org.springframework.scheduling.concurrent.ExecutorConfigurationSupport:181>>Initializing ExecutorService 'applicationTaskExecutor'
2022-07-13-11:05:45.773 INFO [main]-tk.mybatis.mapper.autoconfigure.MapperCacheDisabler:60>>Clear tk.mybatis.mapper.util.MsUtil CLASS_CACHE cache.
2022-07-13-11:05:45.773 INFO [main]-tk.mybatis.mapper.autoconfigure.MapperCacheDisabler:60>>Clear tk.mybatis.mapper.genid.GenIdUtil CACHE cache.
2022-07-13-11:05:45.774 INFO [main]-tk.mybatis.mapper.autoconfigure.MapperCacheDisabler:60>>Clear tk.mybatis.mapper.version.VersionUtil CACHE cache.
2022-07-13-11:05:45.774 INFO [main]-tk.mybatis.mapper.autoconfigure.MapperCacheDisabler:83>>Clear EntityHelper entityTableMap cache.
2022-07-13-11:05:45.813 INFO [main]-org.quartz.impl.StdSchedulerFactory:1220>>Using default implementation for ThreadExecutor
2022-07-13-11:05:45.821 INFO [main]-org.quartz.core.SchedulerSignalerImpl:61>>Initialized Scheduler Signaller of type: class org.quartz.core.SchedulerSignalerImpl
2022-07-13-11:05:45.822 INFO [main]-org.quartz.core.QuartzScheduler:229>>Quartz Scheduler v.2.3.2 created.
2022-07-13-11:05:45.823 INFO [main]-org.quartz.simpl.RAMJobStore:155>>RAMJobStore initialized.
2022-07-13-11:05:45.823 INFO [main]-org.quartz.core.QuartzScheduler:294>>Scheduler meta-data: Quartz Scheduler (v2.3.2) 'quartzScheduler' with instanceId 'NON_CLUSTERED'
  Scheduler class: 'org.quartz.core.QuartzScheduler' - running locally.
  NOT STARTED.
  Currently in standby mode.
  Number of jobs executed: 0
  Using thread pool 'org.quartz.simpl.SimpleThreadPool' - with 10 threads.
  Using job-store 'org.quartz.simpl.RAMJobStore' - which does not support persistence. and is not clustered.

2022-07-13-11:05:45.823 INFO [main]-org.quartz.impl.StdSchedulerFactory:1374>>Quartz scheduler 'quartzScheduler' initialized from an externally provided properties instance.
2022-07-13-11:05:45.824 INFO [main]-org.quartz.impl.StdSchedulerFactory:1378>>Quartz scheduler version: 2.3.2
2022-07-13-11:05:45.824 INFO [main]-org.quartz.core.QuartzScheduler:2293>>JobFactory set to: org.springframework.scheduling.quartz.SpringBeanJobFactory@73c31181
2022-07-13-11:05:45.829 INFO [main]-org.springframework.scheduling.concurrent.ExecutorConfigurationSupport:181>>Initializing ExecutorService 'taskScheduler'
2022-07-13-11:05:45.871 INFO [main]-org.apache.juli.logging.DirectJDKLog:173>>Starting ProtocolHandler ["http-nio-8080"]
2022-07-13-11:05:45.888 INFO [main]-org.springframework.boot.web.embedded.tomcat.TomcatWebServer:220>>Tomcat started on port(s): 8080 (http) with context path ''
2022-07-13-11:05:45.889 INFO [main]-springfox.documentation.spring.web.plugins.DocumentationPluginsBootstrapper:160>>Context refreshed
2022-07-13-11:05:45.901 INFO [main]-springfox.documentation.spring.web.plugins.DocumentationPluginsBootstrapper:163>>Found 1 custom documentation plugin(s)
2022-07-13-11:05:45.925 INFO [main]-springfox.documentation.spring.web.scanners.ApiListingReferenceScanner:41>>Scanning for api listing references
2022-07-13-11:05:46.055 INFO [main]-org.springframework.scheduling.quartz.SchedulerFactoryBean:727>>Starting Quartz Scheduler now
2022-07-13-11:05:46.055 INFO [main]-org.quartz.core.QuartzScheduler:547>>Scheduler quartzScheduler_$_NON_CLUSTERED started.
2022-07-13-11:05:46.073 INFO [main]-org.springframework.boot.StartupInfoLogger:61>>Started ApiApplication in 4.306 seconds (JVM running for 5.355)
2022-07-13-11:05:48.592 INFO [http-nio-8080-exec-1]-org.apache.juli.logging.DirectJDKLog:173>>Initializing Spring DispatcherServlet 'dispatcherServlet'
2022-07-13-11:05:48.593 INFO [http-nio-8080-exec-1]-org.springframework.web.servlet.FrameworkServlet:525>>Initializing Servlet 'dispatcherServlet'
2022-07-13-11:05:48.594 INFO [http-nio-8080-exec-1]-org.springframework.web.servlet.FrameworkServlet:547>>Completed initialization in 1 ms
2022-07-13-11:18:27.414 INFO [main]-org.springframework.boot.StartupInfoLogger:55>>Starting ApiApplication using Java 1.8.0_311 on DESKTOP-8LO0G2P with PID 15832 (E:\Sunzh\java\qianfeng\fmmall\api\target\classes started by Sunzh in E:\Sunzh\java\qianfeng\fmmall)
2022-07-13-11:18:27.417 INFO [main]-org.springframework.boot.SpringApplication:662>>No active profile set, falling back to default profiles: default
2022-07-13-11:18:28.326 WARN [main]-org.mybatis.logging.Logger:44>>No MyBatis mapper was found in '[com.qfedu.fmmall]' package. Please check your configuration.
2022-07-13-11:18:28.658 INFO [main]-org.springframework.boot.web.embedded.tomcat.TomcatWebServer:108>>Tomcat initialized with port(s): 8080 (http)
2022-07-13-11:18:28.666 INFO [main]-org.apache.juli.logging.DirectJDKLog:173>>Initializing ProtocolHandler ["http-nio-8080"]
2022-07-13-11:18:28.667 INFO [main]-org.apache.juli.logging.DirectJDKLog:173>>Starting service [Tomcat]
2022-07-13-11:18:28.667 INFO [main]-org.apache.juli.logging.DirectJDKLog:173>>Starting Servlet engine: [Apache Tomcat/9.0.44]
2022-07-13-11:18:28.760 INFO [main]-org.apache.juli.logging.DirectJDKLog:173>>Initializing Spring embedded WebApplicationContext
2022-07-13-11:18:28.760 INFO [main]-org.springframework.boot.web.servlet.context.ServletWebServerApplicationContext:289>>Root WebApplicationContext: initialization completed in 1294 ms
2022-07-13-11:18:28.829 INFO [main]-com.alibaba.druid.spring.boot.autoconfigure.DruidDataSourceAutoConfigure:56>>Init DruidDataSource
2022-07-13-11:18:28.917 INFO [main]-com.alibaba.druid.pool.DruidDataSource:994>>{dataSource-1} inited
2022-07-13-11:18:29.826 INFO [main]-springfox.documentation.spring.web.PropertySourcedRequestMappingHandlerMapping:69>>Mapped URL path [/v2/api-docs] onto method [springfox.documentation.swagger2.web.Swagger2Controller#getDocumentation(String, HttpServletRequest)]
2022-07-13-11:18:29.914 INFO [main]-org.springframework.scheduling.concurrent.ExecutorConfigurationSupport:181>>Initializing ExecutorService 'applicationTaskExecutor'
2022-07-13-11:18:30.014 INFO [main]-tk.mybatis.mapper.autoconfigure.MapperCacheDisabler:60>>Clear tk.mybatis.mapper.util.MsUtil CLASS_CACHE cache.
2022-07-13-11:18:30.015 INFO [main]-tk.mybatis.mapper.autoconfigure.MapperCacheDisabler:60>>Clear tk.mybatis.mapper.genid.GenIdUtil CACHE cache.
2022-07-13-11:18:30.015 INFO [main]-tk.mybatis.mapper.autoconfigure.MapperCacheDisabler:60>>Clear tk.mybatis.mapper.version.VersionUtil CACHE cache.
2022-07-13-11:18:30.016 INFO [main]-tk.mybatis.mapper.autoconfigure.MapperCacheDisabler:83>>Clear EntityHelper entityTableMap cache.
2022-07-13-11:18:30.054 INFO [main]-org.quartz.impl.StdSchedulerFactory:1220>>Using default implementation for ThreadExecutor
2022-07-13-11:18:30.061 INFO [main]-org.quartz.core.SchedulerSignalerImpl:61>>Initialized Scheduler Signaller of type: class org.quartz.core.SchedulerSignalerImpl
2022-07-13-11:18:30.062 INFO [main]-org.quartz.core.QuartzScheduler:229>>Quartz Scheduler v.2.3.2 created.
2022-07-13-11:18:30.063 INFO [main]-org.quartz.simpl.RAMJobStore:155>>RAMJobStore initialized.
2022-07-13-11:18:30.064 INFO [main]-org.quartz.core.QuartzScheduler:294>>Scheduler meta-data: Quartz Scheduler (v2.3.2) 'quartzScheduler' with instanceId 'NON_CLUSTERED'
  Scheduler class: 'org.quartz.core.QuartzScheduler' - running locally.
  NOT STARTED.
  Currently in standby mode.
  Number of jobs executed: 0
  Using thread pool 'org.quartz.simpl.SimpleThreadPool' - with 10 threads.
  Using job-store 'org.quartz.simpl.RAMJobStore' - which does not support persistence. and is not clustered.

2022-07-13-11:18:30.064 INFO [main]-org.quartz.impl.StdSchedulerFactory:1374>>Quartz scheduler 'quartzScheduler' initialized from an externally provided properties instance.
2022-07-13-11:18:30.064 INFO [main]-org.quartz.impl.StdSchedulerFactory:1378>>Quartz scheduler version: 2.3.2
2022-07-13-11:18:30.064 INFO [main]-org.quartz.core.QuartzScheduler:2293>>JobFactory set to: org.springframework.scheduling.quartz.SpringBeanJobFactory@73c31181
2022-07-13-11:18:30.070 INFO [main]-org.springframework.scheduling.concurrent.ExecutorConfigurationSupport:181>>Initializing ExecutorService 'taskScheduler'
2022-07-13-11:18:30.117 INFO [main]-org.apache.juli.logging.DirectJDKLog:173>>Starting ProtocolHandler ["http-nio-8080"]
2022-07-13-11:18:30.132 INFO [main]-org.springframework.boot.web.embedded.tomcat.TomcatWebServer:220>>Tomcat started on port(s): 8080 (http) with context path ''
2022-07-13-11:18:30.133 INFO [main]-springfox.documentation.spring.web.plugins.DocumentationPluginsBootstrapper:160>>Context refreshed
2022-07-13-11:18:30.143 INFO [main]-springfox.documentation.spring.web.plugins.DocumentationPluginsBootstrapper:163>>Found 1 custom documentation plugin(s)
2022-07-13-11:18:30.163 INFO [main]-springfox.documentation.spring.web.scanners.ApiListingReferenceScanner:41>>Scanning for api listing references
2022-07-13-11:18:30.276 INFO [main]-org.springframework.scheduling.quartz.SchedulerFactoryBean:727>>Starting Quartz Scheduler now
2022-07-13-11:18:30.276 INFO [main]-org.quartz.core.QuartzScheduler:547>>Scheduler quartzScheduler_$_NON_CLUSTERED started.
2022-07-13-11:18:30.287 INFO [main]-org.springframework.boot.StartupInfoLogger:61>>Started ApiApplication in 3.493 seconds (JVM running for 4.488)
2022-07-13-11:18:42.335 INFO [http-nio-8080-exec-1]-org.apache.juli.logging.DirectJDKLog:173>>Initializing Spring DispatcherServlet 'dispatcherServlet'
2022-07-13-11:18:42.335 INFO [http-nio-8080-exec-1]-org.springframework.web.servlet.FrameworkServlet:525>>Initializing Servlet 'dispatcherServlet'
2022-07-13-11:18:42.336 INFO [http-nio-8080-exec-1]-org.springframework.web.servlet.FrameworkServlet:547>>Completed initialization in 1 ms
